<?xml version="1.0" encoding="UTF-8"?>
<testsuite name="lankydan.tutorial.springboot.PersonDTOJsonTest" time="0.221" tests="10" errors="0" skipped="0" failures="0">
  <properties>
[...]
</properties>
  <testcase name="dateOfBirthSerializes" classname="lankydan.tutorial.springboot.PersonDTOJsonTest" time="0.164"/>
  <testcase name="professionSerializes" classname="lankydan.tutorial.springboot.PersonDTOJsonTest" time="0.001"/>
  <testcase name="secondNameSerializes" classname="lankydan.tutorial.springboot.PersonDTOJsonTest" time="0.001"/>
  <testcase name="secondNameDeserializes" classname="lankydan.tutorial.springboot.PersonDTOJsonTest" time="0.033"/>
  <testcase name="professionDeserializes" classname="lankydan.tutorial.springboot.PersonDTOJsonTest" time="0.003"/>
  <testcase name="salaryDeserializes" classname="lankydan.tutorial.springboot.PersonDTOJsonTest" time="0.008"/>
  <testcase name="dateOfBirthDeserializes" classname="lankydan.tutorial.springboot.PersonDTOJsonTest" time="0.008"/>
  <testcase name="firstNameSerializes" classname="lankydan.tutorial.springboot.PersonDTOJsonTest" time="0"/>
  <testcase name="firstNameDeserializes" classname="lankydan.tutorial.springboot.PersonDTOJsonTest" time="0.001"/>
  <testcase name="salarySerializes" classname="lankydan.tutorial.springboot.PersonDTOJsonTest" time="0.002"/>
</testsuite>